<?xml version="1.0" encoding="UTF-8"?>
<coverage generated="1720036851117" clover="3.2.0">
  <project timestamp="1720036851118" name="All files">
    <metrics statements="99" coveredstatements="94" conditionals="20" coveredconditionals="17" methods="40" coveredmethods="36" elements="159" coveredelements="147" complexity="0" loc="99" ncloc="99" packages="2" files="16" classes="16"/>
    <package name="components">
      <metrics statements="72" coveredstatements="70" conditionals="20" coveredconditionals="17" methods="30" coveredmethods="29"/>
      <file name="Body.js" path="C:\Users\sudes\Desktop\Namaste React\src\components\Body.js">
        <metrics statements="25" coveredstatements="23" conditionals="6" coveredconditionals="5" methods="10" coveredmethods="9"/>
        <line num="9" count="1" type="stmt"/>
        <line num="10" count="7" type="stmt"/>
        <line num="11" count="7" type="stmt"/>
        <line num="12" count="7" type="stmt"/>
        <line num="14" count="7" type="stmt"/>
        <line num="15" count="2" type="stmt"/>
        <line num="17" count="7" type="stmt"/>
        <line num="19" count="2" type="stmt"/>
        <line num="20" count="2" type="stmt"/>
        <line num="33" count="2" type="stmt"/>
        <line num="34" count="2" type="stmt"/>
        <line num="40" count="7" type="stmt"/>
        <line num="41" count="7" type="cond" truecount="1" falsecount="1"/>
        <line num="42" count="0" type="stmt"/>
        <line num="48" count="7" type="stmt"/>
        <line num="50" count="7" type="stmt"/>
        <line num="56" count="1" type="stmt"/>
        <line num="60" count="1" type="stmt"/>
        <line num="61" count="1" type="stmt"/>
        <line num="62" count="8" type="stmt"/>
        <line num="64" count="1" type="stmt"/>
        <line num="70" count="8" type="stmt"/>
        <line num="71" count="1" type="stmt"/>
        <line num="81" count="0" type="stmt"/>
        <line num="89" count="31" type="stmt"/>
      </file>
      <file name="Cart.js" path="C:\Users\sudes\Desktop\Namaste React\src\components\Cart.js">
        <metrics statements="6" coveredstatements="6" conditionals="2" coveredconditionals="2" methods="3" coveredmethods="3"/>
        <line num="5" count="1" type="stmt"/>
        <line num="6" count="8" type="stmt"/>
        <line num="7" count="4" type="stmt"/>
        <line num="8" count="4" type="stmt"/>
        <line num="9" count="1" type="stmt"/>
        <line num="11" count="4" type="stmt"/>
      </file>
      <file name="Contact.js" path="C:\Users\sudes\Desktop\Namaste React\src\components\Contact.js">
        <metrics statements="2" coveredstatements="2" conditionals="0" coveredconditionals="0" methods="1" coveredmethods="1"/>
        <line num="2" count="1" type="stmt"/>
        <line num="3" count="5" type="stmt"/>
      </file>
      <file name="Header.js" path="C:\Users\sudes\Desktop\Namaste React\src\components\Header.js">
        <metrics statements="8" coveredstatements="8" conditionals="4" coveredconditionals="2" methods="3" coveredmethods="3"/>
        <line num="7" count="2" type="stmt"/>
        <line num="8" count="7" type="stmt"/>
        <line num="9" count="7" type="stmt"/>
        <line num="10" count="7" type="stmt"/>
        <line num="12" count="13" type="stmt"/>
        <line num="13" count="7" type="stmt"/>
        <line num="15" count="7" type="stmt"/>
        <line num="29" count="1" type="cond" truecount="1" falsecount="1"/>
      </file>
      <file name="ItemList.js" path="C:\Users\sudes\Desktop\Namaste React\src\components\ItemList.js">
        <metrics statements="7" coveredstatements="7" conditionals="2" coveredconditionals="2" methods="4" coveredmethods="4"/>
        <line num="5" count="1" type="stmt"/>
        <line num="6" count="5" type="stmt"/>
        <line num="7" count="5" type="stmt"/>
        <line num="9" count="2" type="stmt"/>
        <line num="11" count="5" type="stmt"/>
        <line num="14" count="23" type="stmt"/>
        <line num="33" count="2" type="stmt"/>
      </file>
      <file name="RestaurantCard.js" path="C:\Users\sudes\Desktop\Namaste React\src\components\RestaurantCard.js">
        <metrics statements="5" coveredstatements="5" conditionals="0" coveredconditionals="0" methods="1" coveredmethods="1"/>
        <line num="5" count="2" type="stmt"/>
        <line num="6" count="32" type="stmt"/>
        <line num="8" count="32" type="stmt"/>
        <line num="16" count="32" type="stmt"/>
        <line num="18" count="32" type="stmt"/>
      </file>
      <file name="RestaurantCategory.js" path="C:\Users\sudes\Desktop\Namaste React\src\components\RestaurantCategory.js">
        <metrics statements="4" coveredstatements="4" conditionals="2" coveredconditionals="2" methods="2" coveredmethods="2"/>
        <line num="4" count="1" type="stmt"/>
        <line num="6" count="18" type="stmt"/>
        <line num="7" count="1" type="stmt"/>
        <line num="9" count="18" type="stmt"/>
      </file>
      <file name="RestaurantMenu.js" path="C:\Users\sudes\Desktop\Namaste React\src\components\RestaurantMenu.js">
        <metrics statements="11" coveredstatements="11" conditionals="4" coveredconditionals="4" methods="4" coveredmethods="4"/>
        <line num="8" count="1" type="stmt"/>
        <line num="10" count="3" type="stmt"/>
        <line num="11" count="3" type="stmt"/>
        <line num="12" count="3" type="stmt"/>
        <line num="13" count="3" type="cond" truecount="2" falsecount="0"/>
        <line num="14" count="2" type="stmt"/>
        <line num="15" count="2" type="stmt"/>
        <line num="16" count="34" type="stmt"/>
        <line num="18" count="2" type="stmt"/>
        <line num="22" count="18" type="stmt"/>
        <line num="26" count="1" type="stmt"/>
      </file>
      <file name="Shimmer.js" path="C:\Users\sudes\Desktop\Namaste React\src\components\Shimmer.js">
        <metrics statements="2" coveredstatements="2" conditionals="0" coveredconditionals="0" methods="1" coveredmethods="1"/>
        <line num="1" count="2" type="stmt"/>
        <line num="2" count="3" type="stmt"/>
      </file>
      <file name="sum.js" path="C:\Users\sudes\Desktop\Namaste React\src\components\sum.js">
        <metrics statements="2" coveredstatements="2" conditionals="0" coveredconditionals="0" methods="1" coveredmethods="1"/>
        <line num="1" count="1" type="stmt"/>
        <line num="2" count="1" type="stmt"/>
      </file>
    </package>
    <package name="utils">
      <metrics statements="27" coveredstatements="24" conditionals="0" coveredconditionals="0" methods="10" coveredmethods="7"/>
      <file name="UserContext.js" path="C:\Users\sudes\Desktop\Namaste React\src\utils\UserContext.js">
        <metrics statements="1" coveredstatements="1" conditionals="0" coveredconditionals="0" methods="0" coveredmethods="0"/>
        <line num="2" count="4" type="stmt"/>
      </file>
      <file name="appStore.js" path="C:\Users\sudes\Desktop\Namaste React\src\utils\appStore.js">
        <metrics statements="1" coveredstatements="1" conditionals="0" coveredconditionals="0" methods="0" coveredmethods="0"/>
        <line num="3" count="2" type="stmt"/>
      </file>
      <file name="cartSlice.js" path="C:\Users\sudes\Desktop\Namaste React\src\utils\cartSlice.js">
        <metrics statements="5" coveredstatements="4" conditionals="0" coveredconditionals="0" methods="3" coveredmethods="2"/>
        <line num="3" count="2" type="stmt"/>
        <line num="12" count="2" type="stmt"/>
        <line num="16" count="0" type="stmt"/>
        <line num="20" count="1" type="stmt"/>
        <line num="26" count="2" type="stmt"/>
      </file>
      <file name="constants.js" path="C:\Users\sudes\Desktop\Namaste React\src\utils\constants.js">
        <metrics statements="3" coveredstatements="3" conditionals="0" coveredconditionals="0" methods="0" coveredmethods="0"/>
        <line num="1" count="4" type="stmt"/>
        <line num="3" count="4" type="stmt"/>
        <line num="5" count="4" type="stmt"/>
      </file>
      <file name="useOnlineStatus.js" path="C:\Users\sudes\Desktop\Namaste React\src\utils\useOnlineStatus.js">
        <metrics statements="8" coveredstatements="6" conditionals="0" coveredconditionals="0" methods="4" coveredmethods="2"/>
        <line num="3" count="3" type="stmt"/>
        <line num="4" count="14" type="stmt"/>
        <line num="5" count="14" type="stmt"/>
        <line num="6" count="5" type="stmt"/>
        <line num="7" count="0" type="stmt"/>
        <line num="10" count="5" type="stmt"/>
        <line num="11" count="0" type="stmt"/>
        <line num="18" count="14" type="stmt"/>
      </file>
      <file name="useRestaurantMenu.js" path="C:\Users\sudes\Desktop\Namaste React\src\utils\useRestaurantMenu.js">
        <metrics statements="9" coveredstatements="9" conditionals="0" coveredconditionals="0" methods="3" coveredmethods="3"/>
        <line num="4" count="1" type="stmt"/>
        <line num="5" count="3" type="stmt"/>
        <line num="6" count="3" type="stmt"/>
        <line num="7" count="1" type="stmt"/>
        <line num="9" count="3" type="stmt"/>
        <line num="10" count="1" type="stmt"/>
        <line num="11" count="1" type="stmt"/>
        <line num="12" count="1" type="stmt"/>
        <line num="14" count="3" type="stmt"/>
      </file>
    </package>
  </project>
</coverage>
