{"C:\\Users\\sudes\\Desktop\\Namaste React\\src\\components\\Body.js": {"path":"C:\\Users\\sudes\\Desktop\\Namaste React\\src\\components\\Body.js","statementMap":{"0":{"start":{"line":9,"column":13},"end":{"line":102,"column":1}},"1":{"start":{"line":10,"column":51},"end":{"line":10,"column":63}},"2":{"start":{"line":11,"column":37},"end":{"line":11,"column":49}},"3":{"start":{"line":12,"column":53},"end":{"line":12,"column":66}},"4":{"start":{"line":14,"column":4},"end":{"line":16,"column":11}},"5":{"start":{"line":15,"column":8},"end":{"line":15,"column":20}},"6":{"start":{"line":17,"column":22},"end":{"line":39,"column":5}},"7":{"start":{"line":19,"column":21},"end":{"line":19,"column":117}},"8":{"start":{"line":20,"column":21},"end":{"line":20,"column":38}},"9":{"start":{"line":33,"column":8},"end":{"line":33,"column":104}},"10":{"start":{"line":34,"column":8},"end":{"line":34,"column":106}},"11":{"start":{"line":40,"column":23},"end":{"line":40,"column":40}},"12":{"start":{"line":41,"column":4},"end":{"line":47,"column":10}},"13":{"start":{"line":42,"column":8},"end":{"line":47,"column":10}},"14":{"start":{"line":48,"column":37},"end":{"line":48,"column":60}},"15":{"start":{"line":50,"column":4},"end":{"line":101,"column":6}},"16":{"start":{"line":56,"column":24},"end":{"line":56,"column":54}},"17":{"start":{"line":60,"column":35},"end":{"line":60,"column":59}},"18":{"start":{"line":61,"column":49},"end":{"line":63,"column":25}},"19":{"start":{"line":62,"column":37},"end":{"line":62,"column":99}},"20":{"start":{"line":64,"column":24},"end":{"line":64,"column":66}},"21":{"start":{"line":70,"column":39},"end":{"line":70,"column":99}},"22":{"start":{"line":70,"column":73},"end":{"line":70,"column":97}},"23":{"start":{"line":71,"column":20},"end":{"line":71,"column":54}},"24":{"start":{"line":81,"column":36},"end":{"line":81,"column":63}},"25":{"start":{"line":89,"column":15},"end":{"line":93,"column":22}}},"fnMap":{"0":{"name":"(anonymous_0)","decl":{"start":{"line":9,"column":13},"end":{"line":9,"column":14}},"loc":{"start":{"line":9,"column":19},"end":{"line":102,"column":1}},"line":9},"1":{"name":"(anonymous_1)","decl":{"start":{"line":14,"column":14},"end":{"line":14,"column":15}},"loc":{"start":{"line":14,"column":20},"end":{"line":16,"column":5}},"line":14},"2":{"name":"(anonymous_2)","decl":{"start":{"line":17,"column":22},"end":{"line":17,"column":23}},"loc":{"start":{"line":17,"column":32},"end":{"line":39,"column":5}},"line":17},"3":{"name":"(anonymous_3)","decl":{"start":{"line":55,"column":30},"end":{"line":55,"column":31}},"loc":{"start":{"line":55,"column":35},"end":{"line":57,"column":21}},"line":55},"4":{"name":"(anonymous_4)","decl":{"start":{"line":60,"column":30},"end":{"line":60,"column":31}},"loc":{"start":{"line":60,"column":34},"end":{"line":65,"column":21}},"line":60},"5":{"name":"(anonymous_5)","decl":{"start":{"line":62,"column":28},"end":{"line":62,"column":29}},"loc":{"start":{"line":62,"column":37},"end":{"line":62,"column":99}},"line":62},"6":{"name":"(anonymous_6)","decl":{"start":{"line":69,"column":25},"end":{"line":69,"column":26}},"loc":{"start":{"line":69,"column":31},"end":{"line":72,"column":17}},"line":69},"7":{"name":"(anonymous_7)","decl":{"start":{"line":70,"column":65},"end":{"line":70,"column":66}},"loc":{"start":{"line":70,"column":73},"end":{"line":70,"column":97}},"line":70},"8":{"name":"(anonymous_8)","decl":{"start":{"line":81,"column":31},"end":{"line":81,"column":32}},"loc":{"start":{"line":81,"column":36},"end":{"line":81,"column":63}},"line":81},"9":{"name":"(anonymous_9)","decl":{"start":{"line":87,"column":39},"end":{"line":87,"column":40}},"loc":{"start":{"line":89,"column":15},"end":{"line":93,"column":22}},"line":89}},"branchMap":{"0":{"loc":{"start":{"line":41,"column":4},"end":{"line":47,"column":10}},"type":"if","locations":[{"start":{"line":41,"column":4},"end":{"line":47,"column":10}},{"start":{},"end":{}}],"line":41},"1":{"loc":{"start":{"line":86,"column":15},"end":{"line":97,"column":13}},"type":"cond-expr","locations":[{"start":{"line":87,"column":16},"end":{"line":94,"column":17}},{"start":{"line":96,"column":17},"end":{"line":96,"column":27}}],"line":86},"2":{"loc":{"start":{"line":86,"column":15},"end":{"line":86,"column":76}},"type":"binary-expr","locations":[{"start":{"line":86,"column":15},"end":{"line":86,"column":46}},{"start":{"line":86,"column":49},"end":{"line":86,"column":76}}],"line":86}},"s":{"0":1,"1":7,"2":7,"3":7,"4":7,"5":2,"6":7,"7":2,"8":2,"9":2,"10":2,"11":7,"12":7,"13":0,"14":7,"15":7,"16":1,"17":1,"18":1,"19":8,"20":1,"21":1,"22":8,"23":1,"24":0,"25":31},"f":{"0":7,"1":2,"2":2,"3":1,"4":1,"5":8,"6":1,"7":8,"8":0,"9":31},"b":{"0":[0,7],"1":[5,2],"2":[7,7]},"_coverageSchema":"1a1c01bbd47fc00a2c39e90264f33305004495a9","hash":"895ad1d74140f873ff730c8fe7e21a9b35a57bbb"}
,"C:\\Users\\sudes\\Desktop\\Namaste React\\src\\components\\Cart.js": {"path":"C:\\Users\\sudes\\Desktop\\Namaste React\\src\\components\\Cart.js","statementMap":{"0":{"start":{"line":5,"column":11},"end":{"line":24,"column":1}},"1":{"start":{"line":6,"column":20},"end":{"line":6,"column":58}},"2":{"start":{"line":6,"column":41},"end":{"line":6,"column":57}},"3":{"start":{"line":7,"column":19},"end":{"line":7,"column":32}},"4":{"start":{"line":8,"column":26},"end":{"line":10,"column":5}},"5":{"start":{"line":9,"column":8},"end":{"line":9,"column":30}},"6":{"start":{"line":11,"column":4},"end":{"line":23,"column":2}}},"fnMap":{"0":{"name":"(anonymous_0)","decl":{"start":{"line":5,"column":11},"end":{"line":5,"column":12}},"loc":{"start":{"line":5,"column":15},"end":{"line":24,"column":1}},"line":5},"1":{"name":"(anonymous_1)","decl":{"start":{"line":6,"column":32},"end":{"line":6,"column":33}},"loc":{"start":{"line":6,"column":41},"end":{"line":6,"column":57}},"line":6},"2":{"name":"(anonymous_2)","decl":{"start":{"line":8,"column":26},"end":{"line":8,"column":27}},"loc":{"start":{"line":8,"column":30},"end":{"line":10,"column":5}},"line":8}},"branchMap":{"0":{"loc":{"start":{"line":19,"column":9},"end":{"line":19,"column":107}},"type":"binary-expr","locations":[{"start":{"line":19,"column":9},"end":{"line":19,"column":28}},{"start":{"line":19,"column":32},"end":{"line":19,"column":107}}],"line":19}},"s":{"0":1,"1":4,"2":8,"3":4,"4":4,"5":1,"6":4},"f":{"0":4,"1":8,"2":1},"b":{"0":[4,2]},"_coverageSchema":"1a1c01bbd47fc00a2c39e90264f33305004495a9","hash":"ae8872355b6485996410f3a09e39b8dcca8aa474"}
,"C:\\Users\\sudes\\Desktop\\Namaste React\\src\\components\\Contact.js": {"path":"C:\\Users\\sudes\\Desktop\\Namaste React\\src\\components\\Contact.js","statementMap":{"0":{"start":{"line":2,"column":16},"end":{"line":13,"column":1}},"1":{"start":{"line":3,"column":2},"end":{"line":12,"column":4}}},"fnMap":{"0":{"name":"(anonymous_0)","decl":{"start":{"line":2,"column":16},"end":{"line":2,"column":17}},"loc":{"start":{"line":2,"column":22},"end":{"line":13,"column":1}},"line":2}},"branchMap":{},"s":{"0":1,"1":5},"f":{"0":5},"b":{},"_coverageSchema":"1a1c01bbd47fc00a2c39e90264f33305004495a9","hash":"1ab5ee60059e4a85b7c8462f1ed8020618011c27"}
,"C:\\Users\\sudes\\Desktop\\Namaste React\\src\\components\\Header.js": {"path":"C:\\Users\\sudes\\Desktop\\Namaste React\\src\\components\\Header.js","statementMap":{"0":{"start":{"line":7,"column":15},"end":{"line":39,"column":1}},"1":{"start":{"line":8,"column":32},"end":{"line":8,"column":49}},"2":{"start":{"line":9,"column":23},"end":{"line":9,"column":40}},"3":{"start":{"line":10,"column":25},"end":{"line":10,"column":48}},"4":{"start":{"line":12,"column":21},"end":{"line":12,"column":59}},"5":{"start":{"line":12,"column":42},"end":{"line":12,"column":58}},"6":{"start":{"line":13,"column":5},"end":{"line":13,"column":28}},"7":{"start":{"line":15,"column":4},"end":{"line":38,"column":6}},"8":{"start":{"line":29,"column":24},"end":{"line":29,"column":85}}},"fnMap":{"0":{"name":"(anonymous_0)","decl":{"start":{"line":7,"column":15},"end":{"line":7,"column":16}},"loc":{"start":{"line":7,"column":21},"end":{"line":39,"column":1}},"line":7},"1":{"name":"(anonymous_1)","decl":{"start":{"line":12,"column":33},"end":{"line":12,"column":34}},"loc":{"start":{"line":12,"column":42},"end":{"line":12,"column":58}},"line":12},"2":{"name":"(anonymous_2)","decl":{"start":{"line":28,"column":55},"end":{"line":28,"column":56}},"loc":{"start":{"line":28,"column":59},"end":{"line":30,"column":21}},"line":28}},"branchMap":{"0":{"loc":{"start":{"line":22,"column":56},"end":{"line":22,"column":89}},"type":"cond-expr","locations":[{"start":{"line":22,"column":69},"end":{"line":22,"column":78}},{"start":{"line":22,"column":79},"end":{"line":22,"column":89}}],"line":22},"1":{"loc":{"start":{"line":29,"column":24},"end":{"line":29,"column":84}},"type":"cond-expr","locations":[{"start":{"line":29,"column":43},"end":{"line":29,"column":63}},{"start":{"line":29,"column":65},"end":{"line":29,"column":84}}],"line":29}},"s":{"0":2,"1":7,"2":7,"3":7,"4":7,"5":13,"6":7,"7":7,"8":1},"f":{"0":7,"1":13,"2":1},"b":{"0":[7,0],"1":[1,0]},"_coverageSchema":"1a1c01bbd47fc00a2c39e90264f33305004495a9","hash":"82f90602fdcd74d7972a95b7aa06bda81c61935b"}
,"C:\\Users\\sudes\\Desktop\\Namaste React\\src\\components\\ItemList.js": {"path":"C:\\Users\\sudes\\Desktop\\Namaste React\\src\\components\\ItemList.js","statementMap":{"0":{"start":{"line":5,"column":15},"end":{"line":43,"column":1}},"1":{"start":{"line":6,"column":20},"end":{"line":6,"column":33}},"2":{"start":{"line":7,"column":24},"end":{"line":10,"column":5}},"3":{"start":{"line":9,"column":8},"end":{"line":9,"column":32}},"4":{"start":{"line":11,"column":0},"end":{"line":42,"column":2}},"5":{"start":{"line":14,"column":0},"end":{"line":39,"column":6}},"6":{"start":{"line":33,"column":21},"end":{"line":33,"column":40}}},"fnMap":{"0":{"name":"(anonymous_0)","decl":{"start":{"line":5,"column":15},"end":{"line":5,"column":16}},"loc":{"start":{"line":5,"column":26},"end":{"line":43,"column":1}},"line":5},"1":{"name":"(anonymous_1)","decl":{"start":{"line":7,"column":24},"end":{"line":7,"column":25}},"loc":{"start":{"line":7,"column":32},"end":{"line":10,"column":5}},"line":7},"2":{"name":"(anonymous_2)","decl":{"start":{"line":13,"column":11},"end":{"line":13,"column":12}},"loc":{"start":{"line":14,"column":0},"end":{"line":39,"column":6}},"line":14},"3":{"name":"(anonymous_3)","decl":{"start":{"line":33,"column":17},"end":{"line":33,"column":18}},"loc":{"start":{"line":33,"column":21},"end":{"line":33,"column":40}},"line":33}},"branchMap":{"0":{"loc":{"start":{"line":23,"column":13},"end":{"line":25,"column":44}},"type":"cond-expr","locations":[{"start":{"line":24,"column":12},"end":{"line":24,"column":36}},{"start":{"line":25,"column":13},"end":{"line":25,"column":44}}],"line":23}},"s":{"0":1,"1":5,"2":5,"3":2,"4":5,"5":23,"6":2},"f":{"0":5,"1":2,"2":23,"3":2},"b":{"0":[3,20]},"_coverageSchema":"1a1c01bbd47fc00a2c39e90264f33305004495a9","hash":"e5dc3de47fc2e466673d2964fdb7cba3adab3c27"}
,"C:\\Users\\sudes\\Desktop\\Namaste React\\src\\components\\RestaurantCard.js": {"path":"C:\\Users\\sudes\\Desktop\\Namaste React\\src\\components\\RestaurantCard.js","statementMap":{"0":{"start":{"line":5,"column":23},"end":{"line":38,"column":1}},"1":{"start":{"line":6,"column":21},"end":{"line":6,"column":26}},"2":{"start":{"line":8,"column":25},"end":{"line":8,"column":48}},"3":{"start":{"line":16,"column":8},"end":{"line":16,"column":21}},"4":{"start":{"line":18,"column":3},"end":{"line":37,"column":5}}},"fnMap":{"0":{"name":"(anonymous_0)","decl":{"start":{"line":5,"column":23},"end":{"line":5,"column":24}},"loc":{"start":{"line":5,"column":34},"end":{"line":38,"column":1}},"line":5}},"branchMap":{},"s":{"0":2,"1":32,"2":32,"3":32,"4":32},"f":{"0":32},"b":{},"_coverageSchema":"1a1c01bbd47fc00a2c39e90264f33305004495a9","hash":"919889c84ae0c1c4e9827f9004144fd12c3f514a"}
,"C:\\Users\\sudes\\Desktop\\Namaste React\\src\\components\\RestaurantCategory.js": {"path":"C:\\Users\\sudes\\Desktop\\Namaste React\\src\\components\\RestaurantCategory.js","statementMap":{"0":{"start":{"line":4,"column":26},"end":{"line":21,"column":1}},"1":{"start":{"line":6,"column":22},"end":{"line":8,"column":5}},"2":{"start":{"line":7,"column":8},"end":{"line":7,"column":23}},"3":{"start":{"line":9,"column":4},"end":{"line":20,"column":6}}},"fnMap":{"0":{"name":"(anonymous_0)","decl":{"start":{"line":4,"column":26},"end":{"line":4,"column":27}},"loc":{"start":{"line":4,"column":59},"end":{"line":21,"column":1}},"line":4},"1":{"name":"(anonymous_1)","decl":{"start":{"line":6,"column":22},"end":{"line":6,"column":23}},"loc":{"start":{"line":6,"column":26},"end":{"line":8,"column":5}},"line":6}},"branchMap":{"0":{"loc":{"start":{"line":16,"column":17},"end":{"line":16,"column":64}},"type":"binary-expr","locations":[{"start":{"line":16,"column":17},"end":{"line":16,"column":26}},{"start":{"line":16,"column":30},"end":{"line":16,"column":64}}],"line":16}},"s":{"0":1,"1":18,"2":1,"3":18},"f":{"0":18,"1":1},"b":{"0":[18,1]},"_coverageSchema":"1a1c01bbd47fc00a2c39e90264f33305004495a9","hash":"e9d0c97cc561d801d86303b985107beafab2fd20"}
,"C:\\Users\\sudes\\Desktop\\Namaste React\\src\\components\\RestaurantMenu.js": {"path":"C:\\Users\\sudes\\Desktop\\Namaste React\\src\\components\\RestaurantMenu.js","statementMap":{"0":{"start":{"line":8,"column":23},"end":{"line":31,"column":1}},"1":{"start":{"line":10,"column":21},"end":{"line":10,"column":32}},"2":{"start":{"line":11,"column":18},"end":{"line":11,"column":42}},"3":{"start":{"line":12,"column":35},"end":{"line":12,"column":49}},"4":{"start":{"line":13,"column":4},"end":{"line":13,"column":41}},"5":{"start":{"line":13,"column":23},"end":{"line":13,"column":41}},"6":{"start":{"line":14,"column":45},"end":{"line":14,"column":80}},"7":{"start":{"line":15,"column":22},"end":{"line":15,"column":95}},"8":{"start":{"line":16,"column":21},"end":{"line":16,"column":180}},"9":{"start":{"line":16,"column":92},"end":{"line":16,"column":179}},"10":{"start":{"line":18,"column":2},"end":{"line":30,"column":4}},"11":{"start":{"line":22,"column":42},"end":{"line":27,"column":9}},"12":{"start":{"line":26,"column":25},"end":{"line":26,"column":44}}},"fnMap":{"0":{"name":"(anonymous_0)","decl":{"start":{"line":8,"column":23},"end":{"line":8,"column":24}},"loc":{"start":{"line":8,"column":29},"end":{"line":31,"column":1}},"line":8},"1":{"name":"(anonymous_1)","decl":{"start":{"line":16,"column":89},"end":{"line":16,"column":90}},"loc":{"start":{"line":16,"column":92},"end":{"line":16,"column":179}},"line":16},"2":{"name":"(anonymous_2)","decl":{"start":{"line":22,"column":23},"end":{"line":22,"column":24}},"loc":{"start":{"line":22,"column":42},"end":{"line":27,"column":9}},"line":22},"3":{"name":"(anonymous_3)","decl":{"start":{"line":26,"column":21},"end":{"line":26,"column":22}},"loc":{"start":{"line":26,"column":25},"end":{"line":26,"column":44}},"line":26}},"branchMap":{"0":{"loc":{"start":{"line":13,"column":4},"end":{"line":13,"column":41}},"type":"if","locations":[{"start":{"line":13,"column":4},"end":{"line":13,"column":41}},{"start":{},"end":{}}],"line":13},"1":{"loc":{"start":{"line":25,"column":18},"end":{"line":25,"column":49}},"type":"cond-expr","locations":[{"start":{"line":25,"column":37},"end":{"line":25,"column":41}},{"start":{"line":25,"column":44},"end":{"line":25,"column":49}}],"line":25}},"s":{"0":1,"1":3,"2":3,"3":3,"4":3,"5":1,"6":2,"7":2,"8":2,"9":34,"10":2,"11":18,"12":1},"f":{"0":3,"1":34,"2":18,"3":1},"b":{"0":[1,2],"1":[1,17]},"_coverageSchema":"1a1c01bbd47fc00a2c39e90264f33305004495a9","hash":"0b5a81dbdf145bcab3131ca81a79017c63aed69a"}
,"C:\\Users\\sudes\\Desktop\\Namaste React\\src\\components\\Shimmer.js": {"path":"C:\\Users\\sudes\\Desktop\\Namaste React\\src\\components\\Shimmer.js","statementMap":{"0":{"start":{"line":1,"column":16},"end":{"line":32,"column":2}},"1":{"start":{"line":2,"column":4},"end":{"line":31,"column":10}}},"fnMap":{"0":{"name":"(anonymous_0)","decl":{"start":{"line":1,"column":16},"end":{"line":1,"column":17}},"loc":{"start":{"line":1,"column":20},"end":{"line":32,"column":2}},"line":1}},"branchMap":{},"s":{"0":2,"1":3},"f":{"0":3},"b":{},"_coverageSchema":"1a1c01bbd47fc00a2c39e90264f33305004495a9","hash":"f293e928df5de8e7acc5692870090580c3584120"}
,"C:\\Users\\sudes\\Desktop\\Namaste React\\src\\components\\sum.js": {"path":"C:\\Users\\sudes\\Desktop\\Namaste React\\src\\components\\sum.js","statementMap":{"0":{"start":{"line":1,"column":17},"end":{"line":3,"column":1}},"1":{"start":{"line":2,"column":4},"end":{"line":2,"column":15}}},"fnMap":{"0":{"name":"(anonymous_0)","decl":{"start":{"line":1,"column":17},"end":{"line":1,"column":18}},"loc":{"start":{"line":1,"column":24},"end":{"line":3,"column":1}},"line":1}},"branchMap":{},"s":{"0":1,"1":1},"f":{"0":1},"b":{},"_coverageSchema":"1a1c01bbd47fc00a2c39e90264f33305004495a9","hash":"76ed533987e2d200502518419982c965f00d8564"}
,"C:\\Users\\sudes\\Desktop\\Namaste React\\src\\utils\\UserContext.js": {"path":"C:\\Users\\sudes\\Desktop\\Namaste React\\src\\utils\\UserContext.js","statementMap":{"0":{"start":{"line":2,"column":18},"end":{"line":4,"column":2}}},"fnMap":{},"branchMap":{},"s":{"0":4},"f":{},"b":{},"_coverageSchema":"1a1c01bbd47fc00a2c39e90264f33305004495a9","hash":"d41ec824ceb0f2821404ffaeb1b8c38a47849e5e"}
,"C:\\Users\\sudes\\Desktop\\Namaste React\\src\\utils\\appStore.js": {"path":"C:\\Users\\sudes\\Desktop\\Namaste React\\src\\utils\\appStore.js","statementMap":{"0":{"start":{"line":3,"column":15},"end":{"line":7,"column":2}}},"fnMap":{},"branchMap":{},"s":{"0":2},"f":{},"b":{},"_coverageSchema":"1a1c01bbd47fc00a2c39e90264f33305004495a9","hash":"83845ade613216969a621e9b614f24e209d8c0f4"}
,"C:\\Users\\sudes\\Desktop\\Namaste React\\src\\utils\\cartSlice.js": {"path":"C:\\Users\\sudes\\Desktop\\Namaste React\\src\\utils\\cartSlice.js","statementMap":{"0":{"start":{"line":3,"column":16},"end":{"line":25,"column":2}},"1":{"start":{"line":12,"column":12},"end":{"line":12,"column":45}},"2":{"start":{"line":16,"column":12},"end":{"line":16,"column":30}},"3":{"start":{"line":20,"column":12},"end":{"line":20,"column":33}},"4":{"start":{"line":26,"column":45},"end":{"line":26,"column":62}}},"fnMap":{"0":{"name":"(anonymous_0)","decl":{"start":{"line":10,"column":17},"end":{"line":10,"column":18}},"loc":{"start":{"line":10,"column":33},"end":{"line":14,"column":9}},"line":10},"1":{"name":"(anonymous_1)","decl":{"start":{"line":15,"column":19},"end":{"line":15,"column":20}},"loc":{"start":{"line":15,"column":28},"end":{"line":18,"column":9}},"line":15},"2":{"name":"(anonymous_2)","decl":{"start":{"line":19,"column":18},"end":{"line":19,"column":19}},"loc":{"start":{"line":19,"column":27},"end":{"line":21,"column":9}},"line":19}},"branchMap":{},"s":{"0":2,"1":2,"2":0,"3":1,"4":2},"f":{"0":2,"1":0,"2":1},"b":{},"_coverageSchema":"1a1c01bbd47fc00a2c39e90264f33305004495a9","hash":"78a3cb60a5c3c6ba6d795b39a5dcb871732efdb8"}
,"C:\\Users\\sudes\\Desktop\\Namaste React\\src\\utils\\constants.js": {"path":"C:\\Users\\sudes\\Desktop\\Namaste React\\src\\utils\\constants.js","statementMap":{"0":{"start":{"line":1,"column":23},"end":{"line":1,"column":106}},"1":{"start":{"line":3,"column":24},"end":{"line":3,"column":97}},"2":{"start":{"line":5,"column":24},"end":{"line":5,"column":143}}},"fnMap":{},"branchMap":{},"s":{"0":4,"1":4,"2":4},"f":{},"b":{},"_coverageSchema":"1a1c01bbd47fc00a2c39e90264f33305004495a9","hash":"5eb642e0398af55cab6a0abd28d9c772b02cbad3"}
,"C:\\Users\\sudes\\Desktop\\Namaste React\\src\\utils\\useOnlineStatus.js": {"path":"C:\\Users\\sudes\\Desktop\\Namaste React\\src\\utils\\useOnlineStatus.js","statementMap":{"0":{"start":{"line":3,"column":22},"end":{"line":19,"column":1}},"1":{"start":{"line":4,"column":41},"end":{"line":4,"column":55}},"2":{"start":{"line":5,"column":4},"end":{"line":15,"column":10}},"3":{"start":{"line":6,"column":8},"end":{"line":9,"column":11}},"4":{"start":{"line":7,"column":12},"end":{"line":7,"column":35}},"5":{"start":{"line":10,"column":8},"end":{"line":13,"column":11}},"6":{"start":{"line":11,"column":12},"end":{"line":11,"column":34}},"7":{"start":{"line":18,"column":4},"end":{"line":18,"column":24}}},"fnMap":{"0":{"name":"(anonymous_0)","decl":{"start":{"line":3,"column":22},"end":{"line":3,"column":23}},"loc":{"start":{"line":3,"column":26},"end":{"line":19,"column":1}},"line":3},"1":{"name":"(anonymous_1)","decl":{"start":{"line":5,"column":14},"end":{"line":5,"column":15}},"loc":{"start":{"line":5,"column":18},"end":{"line":15,"column":5}},"line":5},"2":{"name":"(anonymous_2)","decl":{"start":{"line":6,"column":42},"end":{"line":6,"column":43}},"loc":{"start":{"line":6,"column":46},"end":{"line":9,"column":9}},"line":6},"3":{"name":"(anonymous_3)","decl":{"start":{"line":10,"column":41},"end":{"line":10,"column":42}},"loc":{"start":{"line":10,"column":45},"end":{"line":13,"column":9}},"line":10}},"branchMap":{},"s":{"0":3,"1":14,"2":14,"3":5,"4":0,"5":5,"6":0,"7":14},"f":{"0":14,"1":5,"2":0,"3":0},"b":{},"_coverageSchema":"1a1c01bbd47fc00a2c39e90264f33305004495a9","hash":"9ae2840a85d2c2cf1667ec07710bd493a56e75aa"}
,"C:\\Users\\sudes\\Desktop\\Namaste React\\src\\utils\\useRestaurantMenu.js": {"path":"C:\\Users\\sudes\\Desktop\\Namaste React\\src\\utils\\useRestaurantMenu.js","statementMap":{"0":{"start":{"line":4,"column":24},"end":{"line":15,"column":1}},"1":{"start":{"line":5,"column":30},"end":{"line":5,"column":44}},"2":{"start":{"line":6,"column":4},"end":{"line":8,"column":10}},"3":{"start":{"line":7,"column":8},"end":{"line":7,"column":20}},"4":{"start":{"line":9,"column":20},"end":{"line":13,"column":5}},"5":{"start":{"line":10,"column":19},"end":{"line":10,"column":46}},"6":{"start":{"line":11,"column":19},"end":{"line":11,"column":36}},"7":{"start":{"line":12,"column":8},"end":{"line":12,"column":30}},"8":{"start":{"line":14,"column":4},"end":{"line":14,"column":19}}},"fnMap":{"0":{"name":"(anonymous_0)","decl":{"start":{"line":4,"column":24},"end":{"line":4,"column":25}},"loc":{"start":{"line":4,"column":34},"end":{"line":15,"column":1}},"line":4},"1":{"name":"(anonymous_1)","decl":{"start":{"line":6,"column":14},"end":{"line":6,"column":15}},"loc":{"start":{"line":6,"column":18},"end":{"line":8,"column":5}},"line":6},"2":{"name":"(anonymous_2)","decl":{"start":{"line":9,"column":20},"end":{"line":9,"column":21}},"loc":{"start":{"line":9,"column":29},"end":{"line":13,"column":5}},"line":9}},"branchMap":{},"s":{"0":1,"1":3,"2":3,"3":1,"4":3,"5":1,"6":1,"7":1,"8":3},"f":{"0":3,"1":1,"2":1},"b":{},"_coverageSchema":"1a1c01bbd47fc00a2c39e90264f33305004495a9","hash":"9f14d7db2cbcf7668566c82e223c9cee1e64de30"}
}
