TN:
SF:src\components\Body.js
FN:9,(anonymous_0)
FN:14,(anonymous_1)
FN:17,(anonymous_2)
FN:55,(anonymous_3)
FN:60,(anonymous_4)
FN:62,(anonymous_5)
FN:69,(anonymous_6)
FN:70,(anonymous_7)
FN:81,(anonymous_8)
FN:87,(anonymous_9)
FNF:10
FNH:9
FNDA:7,(anonymous_0)
FNDA:2,(anonymous_1)
FNDA:2,(anonymous_2)
FNDA:1,(anonymous_3)
FNDA:1,(anonymous_4)
FNDA:8,(anonymous_5)
FNDA:1,(anonymous_6)
FNDA:8,(anonymous_7)
FNDA:0,(anonymous_8)
FNDA:31,(anonymous_9)
DA:9,1
DA:10,7
DA:11,7
DA:12,7
DA:14,7
DA:15,2
DA:17,7
DA:19,2
DA:20,2
DA:33,2
DA:34,2
DA:40,7
DA:41,7
DA:42,0
DA:48,7
DA:50,7
DA:56,1
DA:60,1
DA:61,1
DA:62,8
DA:64,1
DA:70,8
DA:71,1
DA:81,0
DA:89,31
LF:25
LH:23
BRDA:41,0,0,0
BRDA:41,0,1,7
BRDA:86,1,0,5
BRDA:86,1,1,2
BRDA:86,2,0,7
BRDA:86,2,1,7
BRF:6
BRH:5
end_of_record
TN:
SF:src\components\Cart.js
FN:5,(anonymous_0)
FN:6,(anonymous_1)
FN:8,(anonymous_2)
FNF:3
FNH:3
FNDA:4,(anonymous_0)
FNDA:8,(anonymous_1)
FNDA:1,(anonymous_2)
DA:5,1
DA:6,8
DA:7,4
DA:8,4
DA:9,1
DA:11,4
LF:6
LH:6
BRDA:19,0,0,4
BRDA:19,0,1,2
BRF:2
BRH:2
end_of_record
TN:
SF:src\components\Contact.js
FN:2,(anonymous_0)
FNF:1
FNH:1
FNDA:5,(anonymous_0)
DA:2,1
DA:3,5
LF:2
LH:2
BRF:0
BRH:0
end_of_record
TN:
SF:src\components\Header.js
FN:7,(anonymous_0)
FN:12,(anonymous_1)
FN:28,(anonymous_2)
FNF:3
FNH:3
FNDA:7,(anonymous_0)
FNDA:13,(anonymous_1)
FNDA:1,(anonymous_2)
DA:7,2
DA:8,7
DA:9,7
DA:10,7
DA:12,13
DA:13,7
DA:15,7
DA:29,1
LF:8
LH:8
BRDA:22,0,0,7
BRDA:22,0,1,0
BRDA:29,1,0,1
BRDA:29,1,1,0
BRF:4
BRH:2
end_of_record
TN:
SF:src\components\ItemList.js
FN:5,(anonymous_0)
FN:7,(anonymous_1)
FN:13,(anonymous_2)
FN:33,(anonymous_3)
FNF:4
FNH:4
FNDA:5,(anonymous_0)
FNDA:2,(anonymous_1)
FNDA:23,(anonymous_2)
FNDA:2,(anonymous_3)
DA:5,1
DA:6,5
DA:7,5
DA:9,2
DA:11,5
DA:14,23
DA:33,2
LF:7
LH:7
BRDA:23,0,0,3
BRDA:23,0,1,20
BRF:2
BRH:2
end_of_record
TN:
SF:src\components\RestaurantCard.js
FN:5,(anonymous_0)
FNF:1
FNH:1
FNDA:32,(anonymous_0)
DA:5,2
DA:6,32
DA:8,32
DA:16,32
DA:18,32
LF:5
LH:5
BRF:0
BRH:0
end_of_record
TN:
SF:src\components\RestaurantCategory.js
FN:4,(anonymous_0)
FN:6,(anonymous_1)
FNF:2
FNH:2
FNDA:18,(anonymous_0)
FNDA:1,(anonymous_1)
DA:4,1
DA:6,18
DA:7,1
DA:9,18
LF:4
LH:4
BRDA:16,0,0,18
BRDA:16,0,1,1
BRF:2
BRH:2
end_of_record
TN:
SF:src\components\RestaurantMenu.js
FN:8,(anonymous_0)
FN:16,(anonymous_1)
FN:22,(anonymous_2)
FN:26,(anonymous_3)
FNF:4
FNH:4
FNDA:3,(anonymous_0)
FNDA:34,(anonymous_1)
FNDA:18,(anonymous_2)
FNDA:1,(anonymous_3)
DA:8,1
DA:10,3
DA:11,3
DA:12,3
DA:13,3
DA:14,2
DA:15,2
DA:16,34
DA:18,2
DA:22,18
DA:26,1
LF:11
LH:11
BRDA:13,0,0,1
BRDA:13,0,1,2
BRDA:25,1,0,1
BRDA:25,1,1,17
BRF:4
BRH:4
end_of_record
TN:
SF:src\components\Shimmer.js
FN:1,(anonymous_0)
FNF:1
FNH:1
FNDA:3,(anonymous_0)
DA:1,2
DA:2,3
LF:2
LH:2
BRF:0
BRH:0
end_of_record
TN:
SF:src\components\sum.js
FN:1,(anonymous_0)
FNF:1
FNH:1
FNDA:1,(anonymous_0)
DA:1,1
DA:2,1
LF:2
LH:2
BRF:0
BRH:0
end_of_record
TN:
SF:src\utils\UserContext.js
FNF:0
FNH:0
DA:2,4
LF:1
LH:1
BRF:0
BRH:0
end_of_record
TN:
SF:src\utils\appStore.js
FNF:0
FNH:0
DA:3,2
LF:1
LH:1
BRF:0
BRH:0
end_of_record
TN:
SF:src\utils\cartSlice.js
FN:10,(anonymous_0)
FN:15,(anonymous_1)
FN:19,(anonymous_2)
FNF:3
FNH:2
FNDA:2,(anonymous_0)
FNDA:0,(anonymous_1)
FNDA:1,(anonymous_2)
DA:3,2
DA:12,2
DA:16,0
DA:20,1
DA:26,2
LF:5
LH:4
BRF:0
BRH:0
end_of_record
TN:
SF:src\utils\constants.js
FNF:0
FNH:0
DA:1,4
DA:3,4
DA:5,4
LF:3
LH:3
BRF:0
BRH:0
end_of_record
TN:
SF:src\utils\useOnlineStatus.js
FN:3,(anonymous_0)
FN:5,(anonymous_1)
FN:6,(anonymous_2)
FN:10,(anonymous_3)
FNF:4
FNH:2
FNDA:14,(anonymous_0)
FNDA:5,(anonymous_1)
FNDA:0,(anonymous_2)
FNDA:0,(anonymous_3)
DA:3,3
DA:4,14
DA:5,14
DA:6,5
DA:7,0
DA:10,5
DA:11,0
DA:18,14
LF:8
LH:6
BRF:0
BRH:0
end_of_record
TN:
SF:src\utils\useRestaurantMenu.js
FN:4,(anonymous_0)
FN:6,(anonymous_1)
FN:9,(anonymous_2)
FNF:3
FNH:3
FNDA:3,(anonymous_0)
FNDA:1,(anonymous_1)
FNDA:1,(anonymous_2)
DA:4,1
DA:5,3
DA:6,3
DA:7,1
DA:9,3
DA:10,1
DA:11,1
DA:12,1
DA:14,3
LF:9
LH:9
BRF:0
BRH:0
end_of_record
